TN:
SF:src/modules/products/services/CreateProductService.ts
FN:43,__decorate
FN:43,__metadata
FN:43,__param
FN:43,__awaiter
FN:43,adopt
FN:43,fulfilled
FN:43,rejected
FN:43,step
FN:43,__generator
FN:43,sent
FN:43,g.<computed>
FN:43,verb
FN:43,step
FN:43,__importDefault
FN:17,CreateProductService
FN:22,CreateProductService.execute
FNF:16
FNH:14
FNDA:3,__decorate
FNDA:3,__metadata
FNDA:3,__param
FNDA:5,__awaiter
FNDA:4,adopt
FNDA:4,fulfilled
FNDA:0,rejected
FNDA:8,step
FNDA:5,__generator
FNDA:4,sent
FNDA:0,g.<computed>
FNDA:15,verb
FNDA:9,step
FNDA:3,__importDefault
FNDA:7,CreateProductService
FNDA:5,CreateProductService.execute
DA:1,1
DA:2,1
DA:3,1
DA:4,1
DA:5,1
DA:6,1
DA:7,1
DA:8,1
DA:9,1
DA:10,1
DA:11,1
DA:12,1
DA:13,1
DA:14,1
DA:15,1
DA:16,3
DA:17,3
DA:18,7
DA:19,7
DA:20,7
DA:21,3
DA:22,3
DA:23,5
DA:24,5
DA:25,5
DA:26,5
DA:27,5
DA:28,5
DA:29,5
DA:30,1
DA:31,1
DA:32,4
DA:33,4
DA:34,4
DA:35,4
DA:36,4
DA:37,4
DA:38,4
DA:39,4
DA:40,5
DA:41,5
DA:42,3
DA:43,1
LF:43
LH:43
BRDA:43,0,0,3
BRDA:43,1,0,3
BRDA:43,2,0,0
BRDA:43,3,0,0
BRDA:43,4,0,0
BRDA:43,5,0,0
BRDA:43,6,0,3
BRDA:43,7,0,3
BRDA:43,8,0,3
BRDA:43,9,0,5
BRDA:43,10,0,4
BRDA:43,11,0,0
BRDA:43,12,0,5
BRDA:43,13,0,4
BRDA:43,14,0,0
BRDA:43,15,0,8
BRDA:43,16,0,4
BRDA:43,17,0,4
BRDA:43,18,0,5
BRDA:43,19,0,4
BRDA:43,20,0,0
BRDA:43,21,0,15
BRDA:43,22,0,9
BRDA:43,23,0,9
BRDA:43,24,0,0
BRDA:43,25,0,18
BRDA:43,26,0,0
BRDA:43,27,0,0
BRDA:43,28,0,0
BRDA:43,29,0,0
BRDA:43,30,0,9
BRDA:43,31,0,9
BRDA:43,32,0,4
BRDA:43,33,0,0
BRDA:43,34,0,0
BRDA:43,35,0,5
BRDA:43,36,0,0
BRDA:43,37,0,4
BRDA:43,38,0,0
BRDA:43,39,0,0
BRDA:43,40,0,0
BRDA:43,41,0,0
BRDA:43,42,0,12
BRDA:43,43,0,9
BRDA:43,44,0,8
BRDA:43,45,0,1
BRDA:43,46,0,9
BRDA:43,47,0,5
BRDA:43,48,0,7
BRDA:43,49,0,1
BRDA:43,50,0,4
BRDA:43,51,0,0
BRDA:43,52,0,3
BRDA:43,53,0,0
BRDA:16,54,0,3
BRDA:17,55,0,7
BRDA:22,56,0,5
BRDA:43,57,0,5
BRDA:43,58,0,9
BRDA:43,59,0,5
BRDA:29,60,0,4
BRDA:29,61,0,1
BRDA:43,62,0,4
BRF:63
BRH:42
end_of_record
TN:
SF:src/modules/products/services/DeleteProductService.ts
FN:24,__decorate
FN:24,__metadata
FN:24,__param
FN:24,__awaiter
FN:24,adopt
FN:24,fulfilled
FN:24,rejected
FN:24,step
FN:24,__generator
FN:24,sent
FN:24,g.<computed>
FN:24,verb
FN:24,step
FN:24,__importDefault
FN:11,DeleteProductService
FN:16,DeleteProductService.execute
FNF:16
FNH:14
FNDA:1,__decorate
FNDA:1,__metadata
FNDA:1,__param
FNDA:2,__awaiter
FNDA:3,adopt
FNDA:3,fulfilled
FNDA:0,rejected
FNDA:4,step
FNDA:2,__generator
FNDA:3,sent
FNDA:0,g.<computed>
FNDA:6,verb
FNDA:5,step
FNDA:1,__importDefault
FNDA:2,DeleteProductService
FNDA:2,DeleteProductService.execute
DA:1,1
DA:2,1
DA:3,1
DA:4,1
DA:5,1
DA:6,1
DA:7,1
DA:8,1
DA:9,1
DA:10,1
DA:11,1
DA:12,2
DA:13,2
DA:14,2
DA:15,1
DA:16,1
DA:17,2
DA:18,2
DA:19,1
DA:20,1
DA:21,1
DA:22,2
DA:23,1
DA:24,1
LF:24
LH:24
BRDA:24,0,0,1
BRDA:24,1,0,1
BRDA:24,2,0,0
BRDA:24,3,0,0
BRDA:24,4,0,0
BRDA:24,5,0,0
BRDA:24,6,0,1
BRDA:24,7,0,1
BRDA:24,8,0,1
BRDA:24,9,0,2
BRDA:24,10,0,3
BRDA:24,11,0,0
BRDA:24,12,0,2
BRDA:24,13,0,3
BRDA:24,14,0,2
BRDA:24,15,0,1
BRDA:24,16,0,4
BRDA:24,17,0,1
BRDA:24,18,0,3
BRDA:24,19,0,2
BRDA:24,20,0,3
BRDA:24,21,0,0
BRDA:24,22,0,6
BRDA:24,23,0,5
BRDA:24,24,0,5
BRDA:24,25,0,0
BRDA:24,26,0,10
BRDA:24,27,0,0
BRDA:24,28,0,0
BRDA:24,29,0,0
BRDA:24,30,0,0
BRDA:24,31,0,5
BRDA:24,32,0,5
BRDA:24,33,0,3
BRDA:24,34,0,0
BRDA:24,35,0,0
BRDA:24,36,0,2
BRDA:24,37,0,0
BRDA:24,38,0,1
BRDA:24,39,0,0
BRDA:24,40,0,0
BRDA:24,41,0,0
BRDA:24,42,0,0
BRDA:24,43,0,5
BRDA:24,44,0,4
BRDA:24,45,0,1
BRDA:24,46,0,5
BRDA:24,47,0,2
BRDA:24,48,0,1
BRDA:24,49,0,0
BRDA:24,50,0,1
BRDA:24,51,0,0
BRDA:10,52,0,1
BRDA:11,53,0,2
BRDA:16,54,0,2
BRDA:24,55,0,2
BRDA:24,56,0,5
BRDA:17,57,0,2
BRDA:24,58,0,2
BRDA:18,59,0,1
BRDA:24,60,0,1
BRF:61
BRH:41
end_of_record
TN:
SF:src/modules/products/services/FindProductService.ts
FN:1,(empty-report)
FNF:1
FNH:0
FNDA:0,(empty-report)
DA:1,0
DA:2,0
DA:3,0
DA:4,0
DA:5,0
DA:6,0
DA:7,0
DA:8,0
DA:9,0
DA:10,0
DA:11,0
DA:12,0
DA:13,0
DA:14,0
DA:15,0
DA:16,0
DA:17,0
DA:18,0
DA:19,0
DA:20,0
DA:21,0
DA:22,0
DA:23,0
DA:24,0
DA:25,0
DA:26,0
LF:26
LH:0
BRDA:1,0,0,0
BRF:1
BRH:0
end_of_record
TN:
SF:src/modules/products/services/UpdateProductService.ts
FN:56,__decorate
FN:56,__metadata
FN:56,__param
FN:56,__awaiter
FN:56,adopt
FN:56,fulfilled
FN:56,rejected
FN:56,step
FN:56,__generator
FN:56,sent
FN:56,g.<computed>
FN:56,verb
FN:56,step
FN:56,__importDefault
FN:18,UpdateProductService
FN:23,UpdateProductService.execute
FNF:16
FNH:14
FNDA:1,__decorate
FNDA:1,__metadata
FNDA:1,__param
FNDA:3,__awaiter
FNDA:3,adopt
FNDA:3,fulfilled
FNDA:0,rejected
FNDA:4,step
FNDA:3,__generator
FNDA:3,sent
FNDA:0,g.<computed>
FNDA:9,verb
FNDA:6,step
FNDA:1,__importDefault
FNDA:3,UpdateProductService
FNDA:3,UpdateProductService.execute
DA:1,1
DA:2,1
DA:3,1
DA:4,1
DA:5,1
DA:6,1
DA:7,1
DA:8,1
DA:9,1
DA:10,1
DA:11,1
DA:12,1
DA:13,1
DA:14,1
DA:15,1
DA:16,1
DA:17,1
DA:18,1
DA:19,3
DA:20,3
DA:21,3
DA:22,1
DA:23,1
DA:24,3
DA:25,3
DA:26,3
DA:27,3
DA:28,3
DA:29,3
DA:30,3
DA:31,3
DA:32,1
DA:33,1
DA:34,1
DA:35,1
DA:36,2
DA:37,2
DA:38,3
DA:39,3
DA:40,1
DA:41,1
DA:42,1
DA:43,1
DA:44,1
DA:45,1
DA:46,1
DA:47,1
DA:48,1
DA:49,1
DA:50,1
DA:51,1
DA:52,3
DA:53,3
DA:54,3
DA:55,1
DA:56,1
LF:56
LH:56
BRDA:56,0,0,1
BRDA:56,1,0,1
BRDA:56,2,0,0
BRDA:56,3,0,0
BRDA:56,4,0,0
BRDA:56,5,0,0
BRDA:56,6,0,1
BRDA:56,7,0,1
BRDA:56,8,0,1
BRDA:56,9,0,3
BRDA:56,10,0,3
BRDA:56,11,0,0
BRDA:56,12,0,3
BRDA:56,13,0,3
BRDA:56,14,0,2
BRDA:56,15,0,1
BRDA:56,16,0,4
BRDA:56,17,0,1
BRDA:56,18,0,3
BRDA:56,19,0,3
BRDA:56,20,0,3
BRDA:56,21,0,0
BRDA:56,22,0,9
BRDA:56,23,0,6
BRDA:56,24,0,6
BRDA:56,25,0,0
BRDA:56,26,0,12
BRDA:56,27,0,0
BRDA:56,28,0,0
BRDA:56,29,0,0
BRDA:56,30,0,0
BRDA:56,31,0,6
BRDA:56,32,0,6
BRDA:56,33,0,3
BRDA:56,34,0,0
BRDA:56,35,0,0
BRDA:56,36,0,3
BRDA:56,37,0,0
BRDA:56,38,0,1
BRDA:56,39,0,0
BRDA:56,40,0,0
BRDA:56,41,0,0
BRDA:56,42,0,0
BRDA:56,43,0,6
BRDA:56,44,0,4
BRDA:56,45,0,2
BRDA:56,46,0,6
BRDA:56,47,0,3
BRDA:56,48,0,2
BRDA:56,49,0,1
BRDA:56,50,0,0
BRDA:56,51,0,1
BRDA:56,52,0,0
BRDA:17,53,0,1
BRDA:18,54,0,3
BRDA:23,55,0,3
BRDA:56,56,0,3
BRDA:56,57,0,6
BRDA:56,58,0,3
BRDA:31,59,0,1
BRDA:35,60,0,2
BRDA:56,61,0,2
BRDA:39,62,0,1
BRDA:56,63,0,1
BRF:64
BRH:44
end_of_record
TN:
SF:src/modules/users/services/CreateUserService.ts
FN:40,__decorate
FN:40,__metadata
FN:40,__param
FN:40,__awaiter
FN:40,adopt
FN:40,fulfilled
FN:40,rejected
FN:40,step
FN:40,__generator
FN:40,sent
FN:40,g.<computed>
FN:40,verb
FN:40,step
FN:40,__importDefault
FN:16,CreateUserService
FN:24,CreateUserService.execute
FNF:16
FNH:14
FNDA:3,__decorate
FNDA:3,__metadata
FNDA:6,__param
FNDA:5,__awaiter
FNDA:13,adopt
FNDA:13,fulfilled
FNDA:0,rejected
FNDA:17,step
FNDA:5,__generator
FNDA:13,sent
FNDA:0,g.<computed>
FNDA:15,verb
FNDA:18,step
FNDA:3,__importDefault
FNDA:7,CreateUserService
FNDA:5,CreateUserService.execute
DA:1,1
DA:2,1
DA:3,1
DA:4,1
DA:5,1
DA:6,1
DA:7,1
DA:8,1
DA:9,1
DA:10,1
DA:11,1
DA:12,1
DA:13,1
DA:14,1
DA:15,3
DA:16,3
DA:17,7
DA:18,7
DA:19,7
DA:20,7
DA:21,7
DA:22,7
DA:23,3
DA:24,3
DA:25,5
DA:26,5
DA:27,1
DA:28,1
DA:29,4
DA:30,4
DA:31,5
DA:32,5
DA:33,5
DA:34,5
DA:35,5
DA:36,5
DA:37,5
DA:38,5
DA:39,3
DA:40,1
LF:40
LH:40
BRDA:40,0,0,3
BRDA:40,1,0,3
BRDA:40,2,0,0
BRDA:40,3,0,0
BRDA:40,4,0,0
BRDA:40,5,0,0
BRDA:40,6,0,3
BRDA:40,7,0,6
BRDA:40,8,0,6
BRDA:40,9,0,5
BRDA:40,10,0,13
BRDA:40,11,0,0
BRDA:40,12,0,5
BRDA:40,13,0,13
BRDA:40,14,0,12
BRDA:40,15,0,1
BRDA:40,16,0,17
BRDA:40,17,0,4
BRDA:40,18,0,13
BRDA:40,19,0,5
BRDA:40,20,0,13
BRDA:40,21,0,0
BRDA:40,22,0,15
BRDA:40,23,0,18
BRDA:40,24,0,18
BRDA:40,25,0,0
BRDA:40,26,0,36
BRDA:40,27,0,0
BRDA:40,28,0,0
BRDA:40,29,0,0
BRDA:40,30,0,0
BRDA:40,31,0,18
BRDA:40,32,0,18
BRDA:40,33,0,13
BRDA:40,34,0,0
BRDA:40,35,0,0
BRDA:40,36,0,5
BRDA:40,37,0,0
BRDA:40,38,0,4
BRDA:40,39,0,0
BRDA:40,40,0,0
BRDA:40,41,0,0
BRDA:40,42,0,0
BRDA:40,43,0,28
BRDA:40,44,0,18
BRDA:40,45,0,17
BRDA:40,46,0,1
BRDA:40,47,0,18
BRDA:40,48,0,5
BRDA:40,49,0,1
BRDA:40,50,0,4
BRDA:40,51,0,0
BRDA:40,52,0,3
BRDA:40,53,0,0
BRDA:15,54,0,3
BRDA:16,55,0,7
BRDA:24,56,0,5
BRDA:40,57,0,5
BRDA:40,58,0,18
BRDA:25,59,0,5
BRDA:40,60,0,5
BRDA:26,61,0,1
BRDA:28,62,0,4
BRDA:40,63,0,4
BRDA:40,64,0,4
BRF:65
BRH:45
end_of_record
TN:
SF:src/modules/users/services/LoginUserService.ts
FN:65,get
FN:65,__setModuleDefault
FN:65,__decorate
FN:65,__importStar
FN:65,__metadata
FN:65,__param
FN:65,__awaiter
FN:65,adopt
FN:65,fulfilled
FN:65,rejected
FN:65,step
FN:65,__generator
FN:65,sent
FN:65,g.<computed>
FN:65,verb
FN:65,step
FN:65,__importDefault
FN:22,LoginUserService
FN:32,LoginUserService.execute
FNF:19
FNH:16
FNDA:2,get
FNDA:0,__setModuleDefault
FNDA:2,__decorate
FNDA:2,__importStar
FNDA:2,__metadata
FNDA:4,__param
FNDA:4,__awaiter
FNDA:9,adopt
FNDA:9,fulfilled
FNDA:0,rejected
FNDA:11,step
FNDA:4,__generator
FNDA:9,sent
FNDA:0,g.<computed>
FNDA:12,verb
FNDA:13,step
FNDA:6,__importDefault
FNDA:5,LoginUserService
FNDA:4,LoginUserService.execute
DA:1,1
DA:2,1
DA:3,1
DA:4,1
DA:5,1
DA:6,1
DA:7,1
DA:8,1
DA:9,1
DA:10,1
DA:11,1
DA:12,1
DA:13,1
DA:14,1
DA:15,1
DA:16,1
DA:17,1
DA:18,1
DA:19,1
DA:20,1
DA:21,2
DA:22,2
DA:23,5
DA:24,5
DA:25,5
DA:26,5
DA:27,5
DA:28,5
DA:29,5
DA:30,5
DA:31,2
DA:32,2
DA:33,4
DA:34,4
DA:35,4
DA:36,4
DA:37,4
DA:38,4
DA:39,1
DA:40,1
DA:41,3
DA:42,3
DA:43,3
DA:44,3
DA:45,3
DA:46,4
DA:47,4
DA:48,1
DA:49,1
DA:50,2
DA:51,2
DA:52,2
DA:53,2
DA:54,2
DA:55,2
DA:56,2
DA:57,4
DA:58,4
DA:59,4
DA:60,4
DA:61,4
DA:62,4
DA:63,4
DA:64,2
DA:65,1
LF:65
LH:65
BRDA:65,0,0,2
BRDA:65,1,0,0
BRDA:65,2,0,0
BRDA:65,3,0,24
BRDA:65,4,0,2
BRDA:65,5,0,2
BRDA:65,6,0,2
BRDA:65,7,0,0
BRDA:65,8,0,0
BRDA:65,9,0,0
BRDA:65,10,0,0
BRDA:65,11,0,2
BRDA:65,12,0,0
BRDA:65,13,0,24
BRDA:65,14,0,2
BRDA:65,15,0,4
BRDA:65,16,0,4
BRDA:65,17,0,4
BRDA:65,18,0,9
BRDA:65,19,0,0
BRDA:65,20,0,4
BRDA:65,21,0,9
BRDA:65,22,0,7
BRDA:65,23,0,2
BRDA:65,24,0,11
BRDA:65,25,0,2
BRDA:65,26,0,9
BRDA:65,27,0,4
BRDA:65,28,0,9
BRDA:65,29,0,0
BRDA:65,30,0,12
BRDA:65,31,0,13
BRDA:65,32,0,13
BRDA:65,33,0,0
BRDA:65,34,0,26
BRDA:65,35,0,0
BRDA:65,36,0,0
BRDA:65,37,0,0
BRDA:65,38,0,0
BRDA:65,39,0,13
BRDA:65,40,0,13
BRDA:65,41,0,9
BRDA:65,42,0,0
BRDA:65,43,0,0
BRDA:65,44,0,4
BRDA:65,45,0,0
BRDA:65,46,0,2
BRDA:65,47,0,0
BRDA:65,48,0,0
BRDA:65,49,0,0
BRDA:65,50,0,0
BRDA:65,51,0,22
BRDA:65,52,0,13
BRDA:65,53,0,11
BRDA:65,54,0,2
BRDA:65,55,0,13
BRDA:65,56,0,4
BRDA:65,57,0,2
BRDA:65,58,0,0
BRDA:65,59,0,6
BRDA:65,60,0,0
BRDA:21,61,0,2
BRDA:22,62,0,5
BRDA:29,63,0,0
BRDA:32,64,0,4
BRDA:65,65,0,4
BRDA:65,66,0,13
BRDA:36,67,0,4
BRDA:65,68,0,4
BRDA:38,69,0,1
BRDA:40,70,0,3
BRDA:65,71,0,3
BRDA:47,72,0,2
BRDA:47,73,0,1
BRDA:65,74,0,2
BRF:75
BRH:51
end_of_record
TN:
SF:src/modules/users/services/LogoutUserService.ts
FN:36,__awaiter
FN:36,adopt
FN:36,fulfilled
FN:36,rejected
FN:36,step
FN:36,__generator
FN:36,sent
FN:36,g.<computed>
FN:36,verb
FN:36,step
FN:36,__importDefault
FN:17,LogoutUserService
FN:18,LogoutUserService.execute
FNF:13
FNH:11
FNDA:2,__awaiter
FNDA:2,adopt
FNDA:0,fulfilled
FNDA:2,rejected
FNDA:2,step
FNDA:2,__generator
FNDA:4,sent
FNDA:0,g.<computed>
FNDA:6,verb
FNDA:4,step
FNDA:4,__importDefault
FNDA:2,LogoutUserService
FNDA:2,LogoutUserService.execute
DA:1,1
DA:2,1
DA:3,1
DA:4,1
DA:5,1
DA:6,1
DA:7,1
DA:8,1
DA:9,1
DA:10,1
DA:11,1
DA:12,1
DA:13,1
DA:14,1
DA:15,1
DA:16,1
DA:17,2
DA:18,2
DA:19,2
DA:20,2
DA:21,2
DA:22,2
DA:23,2
DA:24,0
DA:25,0
DA:26,2
DA:27,2
DA:28,2
DA:29,2
DA:30,2
DA:31,2
DA:32,2
DA:33,2
DA:34,2
DA:35,2
DA:36,1
LF:36
LH:34
BRDA:36,0,0,1
BRDA:36,1,0,2
BRDA:36,2,0,2
BRDA:36,3,0,0
BRDA:36,4,0,2
BRDA:36,5,0,2
BRDA:36,6,0,0
BRDA:36,7,0,2
BRDA:36,8,0,0
BRDA:36,9,0,2
BRDA:36,10,0,4
BRDA:36,11,0,2
BRDA:36,12,0,6
BRDA:36,13,0,4
BRDA:36,14,0,4
BRDA:36,15,0,0
BRDA:36,16,0,12
BRDA:36,17,0,0
BRDA:36,18,0,0
BRDA:36,19,0,0
BRDA:36,20,0,0
BRDA:36,21,0,2
BRDA:36,22,0,4
BRDA:36,23,0,2
BRDA:36,24,0,0
BRDA:36,25,0,0
BRDA:36,26,0,6
BRDA:36,27,0,4
BRDA:36,28,0,2
BRDA:36,29,0,0
BRDA:36,30,0,2
BRDA:36,31,0,4
BRDA:36,32,0,0
BRDA:36,33,0,0
BRDA:36,34,0,4
BRDA:36,35,0,2
BRDA:36,36,0,0
BRDA:36,37,0,2
BRDA:36,38,0,0
BRDA:36,39,0,2
BRDA:36,40,0,6
BRDA:36,41,0,2
BRDA:36,42,0,4
BRDA:36,43,0,6
BRDA:36,44,0,2
BRDA:36,45,0,0
BRDA:36,46,0,0
BRDA:36,47,0,4
BRDA:36,48,0,3
BRDA:36,49,0,1
BRDA:17,50,0,1
BRDA:17,51,0,2
BRDA:18,52,0,2
BRDA:36,53,0,2
BRDA:36,54,0,6
BRDA:36,55,0,2
BRDA:23,56,0,0
BRDA:36,57,0,2
BRDA:36,58,0,2
BRDA:36,59,0,0
BRDA:36,60,0,2
BRDA:36,61,0,0
BRF:62
BRH:42
end_of_record
