TN:
SF:src/modules/products/services/CreateProductService.ts
FN:43,__decorate
FN:43,__metadata
FN:43,__param
FN:43,__awaiter
FN:43,adopt
FN:43,fulfilled
FN:43,rejected
FN:43,step
FN:43,__generator
FN:43,sent
FN:43,g.<computed>
FN:43,verb
FN:43,step
FN:43,__importDefault
FN:17,CreateProductService
FN:22,CreateProductService.execute
FNF:16
FNH:14
FNDA:3,__decorate
FNDA:3,__metadata
FNDA:3,__param
FNDA:5,__awaiter
FNDA:4,adopt
FNDA:4,fulfilled
FNDA:0,rejected
FNDA:8,step
FNDA:5,__generator
FNDA:4,sent
FNDA:0,g.<computed>
FNDA:15,verb
FNDA:9,step
FNDA:3,__importDefault
FNDA:7,CreateProductService
FNDA:5,CreateProductService.execute
DA:1,1
DA:2,1
DA:3,1
DA:4,1
DA:5,1
DA:6,1
DA:7,1
DA:8,1
DA:9,1
DA:10,1
DA:11,1
DA:12,1
DA:13,1
DA:14,1
DA:15,1
DA:16,3
DA:17,3
DA:18,7
DA:19,7
DA:20,7
DA:21,3
DA:22,3
DA:23,5
DA:24,5
DA:25,5
DA:26,5
DA:27,5
DA:28,5
DA:29,5
DA:30,1
DA:31,1
DA:32,4
DA:33,4
DA:34,4
DA:35,4
DA:36,4
DA:37,4
DA:38,4
DA:39,4
DA:40,5
DA:41,5
DA:42,3
DA:43,1
LF:43
LH:43
BRDA:43,0,0,3
BRDA:43,1,0,3
BRDA:43,2,0,0
BRDA:43,3,0,0
BRDA:43,4,0,0
BRDA:43,5,0,0
BRDA:43,6,0,3
BRDA:43,7,0,3
BRDA:43,8,0,3
BRDA:43,9,0,5
BRDA:43,10,0,4
BRDA:43,11,0,0
BRDA:43,12,0,5
BRDA:43,13,0,4
BRDA:43,14,0,0
BRDA:43,15,0,8
BRDA:43,16,0,4
BRDA:43,17,0,4
BRDA:43,18,0,5
BRDA:43,19,0,4
BRDA:43,20,0,0
BRDA:43,21,0,15
BRDA:43,22,0,9
BRDA:43,23,0,9
BRDA:43,24,0,0
BRDA:43,25,0,18
BRDA:43,26,0,0
BRDA:43,27,0,0
BRDA:43,28,0,0
BRDA:43,29,0,0
BRDA:43,30,0,9
BRDA:43,31,0,9
BRDA:43,32,0,4
BRDA:43,33,0,0
BRDA:43,34,0,0
BRDA:43,35,0,5
BRDA:43,36,0,0
BRDA:43,37,0,4
BRDA:43,38,0,0
BRDA:43,39,0,0
BRDA:43,40,0,0
BRDA:43,41,0,0
BRDA:43,42,0,12
BRDA:43,43,0,9
BRDA:43,44,0,8
BRDA:43,45,0,1
BRDA:43,46,0,9
BRDA:43,47,0,5
BRDA:43,48,0,7
BRDA:43,49,0,1
BRDA:43,50,0,4
BRDA:43,51,0,0
BRDA:43,52,0,3
BRDA:43,53,0,0
BRDA:16,54,0,3
BRDA:17,55,0,7
BRDA:22,56,0,5
BRDA:43,57,0,5
BRDA:43,58,0,9
BRDA:43,59,0,5
BRDA:29,60,0,4
BRDA:29,61,0,1
BRDA:43,62,0,4
BRF:63
BRH:42
end_of_record
TN:
SF:src/modules/products/services/DeleteProductService.ts
FN:24,__decorate
FN:24,__metadata
FN:24,__param
FN:24,__awaiter
FN:24,adopt
FN:24,fulfilled
FN:24,rejected
FN:24,step
FN:24,__generator
FN:24,sent
FN:24,g.<computed>
FN:24,verb
FN:24,step
FN:24,__importDefault
FN:11,DeleteProductService
FN:16,DeleteProductService.execute
FNF:16
FNH:14
FNDA:1,__decorate
FNDA:1,__metadata
FNDA:1,__param
FNDA:2,__awaiter
FNDA:3,adopt
FNDA:3,fulfilled
FNDA:0,rejected
FNDA:4,step
FNDA:2,__generator
FNDA:3,sent
FNDA:0,g.<computed>
FNDA:6,verb
FNDA:5,step
FNDA:1,__importDefault
FNDA:2,DeleteProductService
FNDA:2,DeleteProductService.execute
DA:1,1
DA:2,1
DA:3,1
DA:4,1
DA:5,1
DA:6,1
DA:7,1
DA:8,1
DA:9,1
DA:10,1
DA:11,1
DA:12,2
DA:13,2
DA:14,2
DA:15,1
DA:16,1
DA:17,2
DA:18,2
DA:19,1
DA:20,1
DA:21,1
DA:22,2
DA:23,1
DA:24,1
LF:24
LH:24
BRDA:24,0,0,1
BRDA:24,1,0,1
BRDA:24,2,0,0
BRDA:24,3,0,0
BRDA:24,4,0,0
BRDA:24,5,0,0
BRDA:24,6,0,1
BRDA:24,7,0,1
BRDA:24,8,0,1
BRDA:24,9,0,2
BRDA:24,10,0,3
BRDA:24,11,0,0
BRDA:24,12,0,2
BRDA:24,13,0,3
BRDA:24,14,0,2
BRDA:24,15,0,1
BRDA:24,16,0,4
BRDA:24,17,0,1
BRDA:24,18,0,3
BRDA:24,19,0,2
BRDA:24,20,0,3
BRDA:24,21,0,0
BRDA:24,22,0,6
BRDA:24,23,0,5
BRDA:24,24,0,5
BRDA:24,25,0,0
BRDA:24,26,0,10
BRDA:24,27,0,0
BRDA:24,28,0,0
BRDA:24,29,0,0
BRDA:24,30,0,0
BRDA:24,31,0,5
BRDA:24,32,0,5
BRDA:24,33,0,3
BRDA:24,34,0,0
BRDA:24,35,0,0
BRDA:24,36,0,2
BRDA:24,37,0,0
BRDA:24,38,0,1
BRDA:24,39,0,0
BRDA:24,40,0,0
BRDA:24,41,0,0
BRDA:24,42,0,0
BRDA:24,43,0,5
BRDA:24,44,0,4
BRDA:24,45,0,1
BRDA:24,46,0,5
BRDA:24,47,0,2
BRDA:24,48,0,1
BRDA:24,49,0,0
BRDA:24,50,0,1
BRDA:24,51,0,0
BRDA:10,52,0,1
BRDA:11,53,0,2
BRDA:16,54,0,2
BRDA:24,55,0,2
BRDA:24,56,0,5
BRDA:17,57,0,2
BRDA:24,58,0,2
BRDA:18,59,0,1
BRDA:24,60,0,1
BRF:61
BRH:41
end_of_record
TN:
SF:src/modules/products/services/FindProductService.ts
FN:1,(empty-report)
FNF:1
FNH:0
FNDA:0,(empty-report)
DA:1,0
DA:2,0
DA:3,0
DA:4,0
DA:5,0
DA:6,0
DA:7,0
DA:8,0
DA:9,0
DA:10,0
DA:11,0
DA:12,0
DA:13,0
DA:14,0
DA:15,0
DA:16,0
DA:17,0
DA:18,0
DA:19,0
DA:20,0
DA:21,0
DA:22,0
DA:23,0
DA:24,0
DA:25,0
DA:26,0
LF:26
LH:0
BRDA:1,0,0,0
BRF:1
BRH:0
end_of_record
TN:
SF:src/modules/products/services/UpdateProductService.ts
FN:56,__decorate
FN:56,__metadata
FN:56,__param
FN:56,__awaiter
FN:56,adopt
FN:56,fulfilled
FN:56,rejected
FN:56,step
FN:56,__generator
FN:56,sent
FN:56,g.<computed>
FN:56,verb
FN:56,step
FN:56,__importDefault
FN:18,UpdateProductService
FN:23,UpdateProductService.execute
FNF:16
FNH:14
FNDA:1,__decorate
FNDA:1,__metadata
FNDA:1,__param
FNDA:3,__awaiter
FNDA:3,adopt
FNDA:3,fulfilled
FNDA:0,rejected
FNDA:4,step
FNDA:3,__generator
FNDA:3,sent
FNDA:0,g.<computed>
FNDA:9,verb
FNDA:6,step
FNDA:1,__importDefault
FNDA:3,UpdateProductService
FNDA:3,UpdateProductService.execute
DA:1,1
DA:2,1
DA:3,1
DA:4,1
DA:5,1
DA:6,1
DA:7,1
DA:8,1
DA:9,1
DA:10,1
DA:11,1
DA:12,1
DA:13,1
DA:14,1
DA:15,1
DA:16,1
DA:17,1
DA:18,1
DA:19,3
DA:20,3
DA:21,3
DA:22,1
DA:23,1
DA:24,3
DA:25,3
DA:26,3
DA:27,3
DA:28,3
DA:29,3
DA:30,3
DA:31,3
DA:32,1
DA:33,1
DA:34,1
DA:35,1
DA:36,2
DA:37,2
DA:38,3
DA:39,3
DA:40,1
DA:41,1
DA:42,1
DA:43,1
DA:44,1
DA:45,1
DA:46,1
DA:47,1
DA:48,1
DA:49,1
DA:50,1
DA:51,1
DA:52,3
DA:53,3
DA:54,3
DA:55,1
DA:56,1
LF:56
LH:56
BRDA:56,0,0,1
BRDA:56,1,0,1
BRDA:56,2,0,0
BRDA:56,3,0,0
BRDA:56,4,0,0
BRDA:56,5,0,0
BRDA:56,6,0,1
BRDA:56,7,0,1
BRDA:56,8,0,1
BRDA:56,9,0,3
BRDA:56,10,0,3
BRDA:56,11,0,0
BRDA:56,12,0,3
BRDA:56,13,0,3
BRDA:56,14,0,2
BRDA:56,15,0,1
BRDA:56,16,0,4
BRDA:56,17,0,1
BRDA:56,18,0,3
BRDA:56,19,0,3
BRDA:56,20,0,3
BRDA:56,21,0,0
BRDA:56,22,0,9
BRDA:56,23,0,6
BRDA:56,24,0,6
BRDA:56,25,0,0
BRDA:56,26,0,12
BRDA:56,27,0,0
BRDA:56,28,0,0
BRDA:56,29,0,0
BRDA:56,30,0,0
BRDA:56,31,0,6
BRDA:56,32,0,6
BRDA:56,33,0,3
BRDA:56,34,0,0
BRDA:56,35,0,0
BRDA:56,36,0,3
BRDA:56,37,0,0
BRDA:56,38,0,1
BRDA:56,39,0,0
BRDA:56,40,0,0
BRDA:56,41,0,0
BRDA:56,42,0,0
BRDA:56,43,0,6
BRDA:56,44,0,4
BRDA:56,45,0,2
BRDA:56,46,0,6
BRDA:56,47,0,3
BRDA:56,48,0,2
BRDA:56,49,0,1
BRDA:56,50,0,0
BRDA:56,51,0,1
BRDA:56,52,0,0
BRDA:17,53,0,1
BRDA:18,54,0,3
BRDA:23,55,0,3
BRDA:56,56,0,3
BRDA:56,57,0,6
BRDA:56,58,0,3
BRDA:31,59,0,1
BRDA:35,60,0,2
BRDA:56,61,0,2
BRDA:39,62,0,1
BRDA:56,63,0,1
BRF:64
BRH:44
end_of_record
TN:
SF:src/modules/users/services/CreateUserService.ts
FN:40,__decorate
FN:40,__metadata
FN:40,__param
FN:40,__awaiter
FN:40,adopt
FN:40,fulfilled
FN:40,rejected
FN:40,step
FN:40,__generator
FN:40,sent
FN:40,g.<computed>
FN:40,verb
FN:40,step
FN:40,__importDefault
FN:16,CreateUserService
FN:24,CreateUserService.execute
FNF:16
FNH:14
FNDA:1,__decorate
FNDA:1,__metadata
FNDA:2,__param
FNDA:3,__awaiter
FNDA:7,adopt
FNDA:7,fulfilled
FNDA:0,rejected
FNDA:9,step
FNDA:3,__generator
FNDA:7,sent
FNDA:0,g.<computed>
FNDA:9,verb
FNDA:10,step
FNDA:1,__importDefault
FNDA:2,CreateUserService
FNDA:3,CreateUserService.execute
DA:1,1
DA:2,1
DA:3,1
DA:4,1
DA:5,1
DA:6,1
DA:7,1
DA:8,1
DA:9,1
DA:10,1
DA:11,1
DA:12,1
DA:13,1
DA:14,1
DA:15,1
DA:16,1
DA:17,2
DA:18,2
DA:19,2
DA:20,2
DA:21,2
DA:22,2
DA:23,1
DA:24,1
DA:25,3
DA:26,3
DA:27,1
DA:28,1
DA:29,2
DA:30,2
DA:31,3
DA:32,3
DA:33,3
DA:34,3
DA:35,3
DA:36,3
DA:37,3
DA:38,3
DA:39,1
DA:40,1
LF:40
LH:40
BRDA:40,0,0,1
BRDA:40,1,0,1
BRDA:40,2,0,0
BRDA:40,3,0,0
BRDA:40,4,0,0
BRDA:40,5,0,0
BRDA:40,6,0,1
BRDA:40,7,0,2
BRDA:40,8,0,2
BRDA:40,9,0,3
BRDA:40,10,0,7
BRDA:40,11,0,0
BRDA:40,12,0,3
BRDA:40,13,0,7
BRDA:40,14,0,6
BRDA:40,15,0,1
BRDA:40,16,0,9
BRDA:40,17,0,2
BRDA:40,18,0,7
BRDA:40,19,0,3
BRDA:40,20,0,7
BRDA:40,21,0,0
BRDA:40,22,0,9
BRDA:40,23,0,10
BRDA:40,24,0,10
BRDA:40,25,0,0
BRDA:40,26,0,20
BRDA:40,27,0,0
BRDA:40,28,0,0
BRDA:40,29,0,0
BRDA:40,30,0,0
BRDA:40,31,0,10
BRDA:40,32,0,10
BRDA:40,33,0,7
BRDA:40,34,0,0
BRDA:40,35,0,0
BRDA:40,36,0,3
BRDA:40,37,0,0
BRDA:40,38,0,2
BRDA:40,39,0,0
BRDA:40,40,0,0
BRDA:40,41,0,0
BRDA:40,42,0,0
BRDA:40,43,0,10
BRDA:40,44,0,9
BRDA:40,45,0,1
BRDA:40,46,0,10
BRDA:40,47,0,3
BRDA:40,48,0,1
BRDA:40,49,0,2
BRDA:40,50,0,0
BRDA:40,51,0,1
BRDA:40,52,0,0
BRDA:15,53,0,1
BRDA:16,54,0,2
BRDA:24,55,0,3
BRDA:40,56,0,3
BRDA:40,57,0,10
BRDA:25,58,0,3
BRDA:40,59,0,3
BRDA:26,60,0,1
BRDA:28,61,0,2
BRDA:40,62,0,2
BRDA:40,63,0,2
BRF:64
BRH:44
end_of_record
TN:
SF:src/modules/users/services/LoginUserService.ts
FN:1,(empty-report)
FNF:1
FNH:0
FNDA:0,(empty-report)
DA:1,0
DA:2,0
DA:3,0
DA:4,0
DA:5,0
DA:6,0
DA:7,0
DA:8,0
DA:9,0
DA:10,0
DA:11,0
DA:12,0
DA:13,0
DA:14,0
DA:15,0
DA:16,0
DA:17,0
DA:18,0
DA:19,0
DA:20,0
DA:21,0
DA:22,0
DA:23,0
DA:24,0
DA:25,0
DA:26,0
DA:27,0
DA:28,0
DA:29,0
DA:30,0
DA:31,0
DA:32,0
DA:33,0
DA:34,0
DA:35,0
DA:36,0
DA:37,0
DA:38,0
DA:39,0
DA:40,0
DA:41,0
DA:42,0
DA:43,0
DA:44,0
DA:45,0
DA:46,0
DA:47,0
DA:48,0
DA:49,0
DA:50,0
DA:51,0
DA:52,0
DA:53,0
DA:54,0
DA:55,0
DA:56,0
DA:57,0
DA:58,0
DA:59,0
DA:60,0
DA:61,0
DA:62,0
DA:63,0
LF:63
LH:0
BRDA:1,0,0,0
BRF:1
BRH:0
end_of_record
TN:
SF:src/modules/users/services/LogoutUserService.ts
FN:1,(empty-report)
FNF:1
FNH:0
FNDA:0,(empty-report)
DA:1,0
DA:2,0
DA:3,0
DA:4,0
DA:5,0
DA:6,0
DA:7,0
DA:8,0
DA:9,0
DA:10,0
DA:11,0
DA:12,0
DA:13,0
DA:14,0
DA:15,0
DA:16,0
DA:17,0
DA:18,0
DA:19,0
DA:20,0
DA:21,0
DA:22,0
DA:23,0
DA:24,0
DA:25,0
DA:26,0
DA:27,0
DA:28,0
DA:29,0
DA:30,0
DA:31,0
DA:32,0
DA:33,0
DA:34,0
DA:35,0
DA:36,0
LF:36
LH:0
BRDA:1,0,0,0
BRF:1
BRH:0
end_of_record
